#
# There is insufficient memory for the Java Runtime Environment to continue.
# Native memory allocation (mmap) failed to map 134217728 bytes for Failed to commit area from 0x0000000081200000 to 0x0000000089200000 of length 134217728.
# Possible reasons:
#   The system is out of physical RAM or swap space
#   The process is running with CompressedOops enabled, and the Java Heap may be blocking the growth of the native heap
# Possible solutions:
#   Reduce memory load on the system
#   Increase physical memory or swap space
#   Check if swap backing store is full
#   Decrease Java heap size (-Xmx/-Xms)
#   Decrease number of Java threads
#   Decrease Java thread stack sizes (-Xss)
#   Set larger code cache with -XX:ReservedCodeCacheSize=
# This output file may be truncated or incomplete.
#
#  Out of Memory Error (./open/src/hotspot/os/windows/os_windows.cpp:3275), pid=2132, tid=17392
#
# JRE version:  (11.0.8+10) (build )
# Java VM: Java HotSpot(TM) 64-Bit Server VM (11.0.8+10-LTS, mixed mode, sharing, tiered, compressed oops, g1 gc, windows-amd64)
# No core dump will be written. Minidumps are not enabled by default on client versions of Windows
#

---------------  S U M M A R Y ------------

Command Line: org.antlr.v4.Tool Bot.g4 -o D:\2020-03\Lenguajes de programación\Proyecto\Entrega 1\Bot\bot\target\generated-sources\antlr4\co\edu\javeriana\bot -listener -no-visitor -package co.edu.javeriana.bot -encoding UTF-8

Host: Intel(R) Core(TM) i7-4712MQ CPU @ 2.30GHz, 8 cores, 7G,  Windows 10 , 64 bit Build 18362 (10.0.18362.1110)
Time: Wed Oct 28 21:12:33 2020 Hora est. Pacífico, Sudamérica elapsed time: 0 seconds (0d 0h 0m 0s)

---------------  T H R E A D  ---------------

Current thread (0x000001995ebaa000):  JavaThread "Unknown thread" [_thread_in_vm, id=17392, stack(0x00000052c7c00000,0x00000052c7d00000)]

Stack: [0x00000052c7c00000,0x00000052c7d00000]
Native frames: (J=compiled Java code, j=interpreted, Vv=VM code, C=native code)
V  [jvm.dll+0x601aea]
V  [jvm.dll+0x737fef]
V  [jvm.dll+0x739675]
V  [jvm.dll+0x739cf3]
V  [jvm.dll+0x242848]
V  [jvm.dll+0x5fef8a]
V  [jvm.dll+0x5f3eb5]
V  [jvm.dll+0x2f651c]
V  [jvm.dll+0x2f63a2]
V  [jvm.dll+0x2fb056]
V  [jvm.dll+0x33ce9f]
V  [jvm.dll+0x33c8d0]
V  [jvm.dll+0x2d4768]
V  [jvm.dll+0x2d58c6]
V  [jvm.dll+0x713e67]
V  [jvm.dll+0x71570f]
V  [jvm.dll+0x349c19]
V  [jvm.dll+0x6f97f0]
V  [jvm.dll+0x3b2a5f]
V  [jvm.dll+0x3b4e81]
C  [jli.dll+0x5213]
C  [ucrtbase.dll+0x210b2]
C  [KERNEL32.DLL+0x17c24]
C  [ntdll.dll+0x6cea1]


---------------  P R O C E S S  ---------------

Threads class SMR info:
_java_thread_list=0x000001995e9569e0, length=0, elements={
}

Java Threads: ( => current thread )

Other Threads:
  0x000001995ebbf800 GCTaskThread "GC Thread#0" [stack: 0x00000052c7d00000,0x00000052c7e00000] [id=12144]
  0x000001995ebf1800 ConcurrentGCThread "G1 Main Marker" [stack: 0x00000052c7e00000,0x00000052c7f00000] [id=18208]
  0x000001995ebf2800 ConcurrentGCThread "G1 Conc#0" [stack: 0x00000052c7f00000,0x00000052c8000000] [id=16092]

[error occurred during error reporting (printing all threads), id 0xc0000005, EXCEPTION_ACCESS_VIOLATION (0xc0000005) at pc=0x00007ffbc2e52f67]

VM state:not at safepoint (not fully initialized)

VM Mutex/Monitor currently owned by a thread:  ([mutex/lock_event])
[0x000001995eba6c10] Heap_lock - owner thread: 0x000001995ebaa000

Heap address: 0x0000000081200000, size: 2030 MB, Compressed Oops mode: Non-zero based: 0x0000000081200000
Narrow klass base: 0x0000000000000000, Narrow klass shift: 0

GC Heap History (0 events):
No events

Deoptimization events (0 events):
No events

Classes redefined (0 events):
No events

Internal exceptions (0 events):
No events

Events (0 events):
No events


Dynamic libraries:
0x00007ff665700000 - 0x00007ff66570f000 	C:\Program Files\Java\jdk-11.0.8\bin\java.exe
0x00007ffc05fc0000 - 0x00007ffc061b0000 	C:\WINDOWS\SYSTEM32\ntdll.dll
0x00007ffc052a0000 - 0x00007ffc05352000 	C:\WINDOWS\System32\KERNEL32.DLL
0x00007ffc03830000 - 0x00007ffc03ad5000 	C:\WINDOWS\System32\KERNELBASE.dll
0x00007ffc02f50000 - 0x00007ffc0304a000 	C:\WINDOWS\System32\ucrtbase.dll
0x00007ffbfc270000 - 0x00007ffbfc288000 	C:\Program Files\Java\jdk-11.0.8\bin\jli.dll
0x00007ffbfb990000 - 0x00007ffbfb9a5000 	C:\Program Files\Java\jdk-11.0.8\bin\VCRUNTIME140.dll
0x00007ffc04760000 - 0x00007ffc04803000 	C:\WINDOWS\System32\ADVAPI32.dll
0x00007ffc05160000 - 0x00007ffc051fe000 	C:\WINDOWS\System32\msvcrt.dll
0x00007ffc05200000 - 0x00007ffc05297000 	C:\WINDOWS\System32\sechost.dll
0x00007ffc05360000 - 0x00007ffc05480000 	C:\WINDOWS\System32\RPCRT4.dll
0x00007ffc05480000 - 0x00007ffc05614000 	C:\WINDOWS\System32\USER32.dll
0x00007ffbfadf0000 - 0x00007ffbfb074000 	C:\WINDOWS\WinSxS\amd64_microsoft.windows.common-controls_6595b64144ccf1df_6.0.18362.1139_none_9e7bf2d3e4605ac6\COMCTL32.dll
0x00007ffc03ea0000 - 0x00007ffc03ec1000 	C:\WINDOWS\System32\win32u.dll
0x00007ffc04810000 - 0x00007ffc04b45000 	C:\WINDOWS\System32\combase.dll
0x00007ffc04ed0000 - 0x00007ffc04ef6000 	C:\WINDOWS\System32\GDI32.dll
0x00007ffc03b10000 - 0x00007ffc03b90000 	C:\WINDOWS\System32\bcryptPrimitives.dll
0x00007ffc03ce0000 - 0x00007ffc03e76000 	C:\WINDOWS\System32\gdi32full.dll
0x00007ffc03f20000 - 0x00007ffc03fbe000 	C:\WINDOWS\System32\msvcp_win.dll
0x00007ffbfec40000 - 0x00007ffbfec4a000 	C:\WINDOWS\SYSTEM32\VERSION.dll
0x00007ffc04b50000 - 0x00007ffc04b7e000 	C:\WINDOWS\System32\IMM32.DLL
0x00007ffbe95c0000 - 0x00007ffbe965b000 	C:\Program Files\Java\jdk-11.0.8\bin\msvcp140.dll
0x00007ffbc2b70000 - 0x00007ffbc3656000 	C:\Program Files\Java\jdk-11.0.8\bin\server\jvm.dll
0x00007ffc04eb0000 - 0x00007ffc04eb8000 	C:\WINDOWS\System32\PSAPI.DLL
0x00007ffbfbe30000 - 0x00007ffbfbe39000 	C:\WINDOWS\SYSTEM32\WSOCK32.dll
0x00007ffbff6e0000 - 0x00007ffbff704000 	C:\WINDOWS\SYSTEM32\WINMM.dll
0x00007ffc04f00000 - 0x00007ffc04f6f000 	C:\WINDOWS\System32\WS2_32.dll
0x00007ffbff690000 - 0x00007ffbff6bd000 	C:\WINDOWS\SYSTEM32\winmmbase.dll
0x00007ffc03ed0000 - 0x00007ffc03f1a000 	C:\WINDOWS\System32\cfgmgr32.dll
0x00007ffc02ee0000 - 0x00007ffc02ef1000 	C:\WINDOWS\System32\kernel.appcore.dll
0x00007ffbfaca0000 - 0x00007ffbfacb0000 	C:\Program Files\Java\jdk-11.0.8\bin\verify.dll
0x00007ffbf45e0000 - 0x00007ffbf47d4000 	C:\WINDOWS\SYSTEM32\DBGHELP.DLL
0x00007ffbf4410000 - 0x00007ffbf443a000 	C:\WINDOWS\SYSTEM32\dbgcore.DLL
0x00007ffbed5d0000 - 0x00007ffbed5f8000 	C:\Program Files\Java\jdk-11.0.8\bin\java.dll
0x00007ffbfac90000 - 0x00007ffbfac9a000 	C:\Program Files\Java\jdk-11.0.8\bin\jimage.dll
0x00007ffbed6a0000 - 0x00007ffbed6b6000 	C:\Program Files\Java\jdk-11.0.8\bin\zip.dll

dbghelp: loaded successfully - version: 4.0.5 - missing functions: none
symbol engine: initialized successfully - sym options: 0x614 - pdb path: .;C:\Program Files\Java\jdk-11.0.8\bin;C:\WINDOWS\SYSTEM32;C:\WINDOWS\WinSxS\amd64_microsoft.windows.common-controls_6595b64144ccf1df_6.0.18362.1139_none_9e7bf2d3e4605ac6;C:\Program Files\Java\jdk-11.0.8\bin\server

VM Arguments:
java_command: org.antlr.v4.Tool Bot.g4 -o D:\2020-03\Lenguajes de programación\Proyecto\Entrega 1\Bot\bot\target\generated-sources\antlr4\co\edu\javeriana\bot -listener -no-visitor -package co.edu.javeriana.bot -encoding UTF-8
java_class_path (initial): C:\Users\EMANUE~1\AppData\Local\Temp\antlr-4.4-complete.jar;C:\Users\EMANUE~1\AppData\Local\Temp
Launcher Type: SUN_STANDARD

[Global flags]
     intx CICompilerCount                          = 4                                         {product} {ergonomic}
     uint ConcGCThreads                            = 2                                         {product} {ergonomic}
     uint G1ConcRefinementThreads                  = 8                                         {product} {ergonomic}
   size_t G1HeapRegionSize                         = 1048576                                   {product} {ergonomic}
    uintx GCDrainStackTargetSize                   = 64                                        {product} {ergonomic}
   size_t InitialHeapSize                          = 134217728                                 {product} {ergonomic}
   size_t MarkStackSize                            = 4194304                                   {product} {ergonomic}
   size_t MaxHeapSize                              = 2128609280                                {product} {ergonomic}
   size_t MinHeapDeltaBytes                        = 1048576                                   {product} {ergonomic}
    uintx NonNMethodCodeHeapSize                   = 5836300                                {pd product} {ergonomic}
    uintx NonProfiledCodeHeapSize                  = 122910970                              {pd product} {ergonomic}
    uintx ProfiledCodeHeapSize                     = 122910970                              {pd product} {ergonomic}
    uintx ReservedCodeCacheSize                    = 251658240                              {pd product} {ergonomic}
     bool SegmentedCodeCache                       = true                                      {product} {ergonomic}
     bool UseCompressedClassPointers               = true                                 {lp64_product} {ergonomic}
     bool UseCompressedOops                        = true                                 {lp64_product} {ergonomic}
     bool UseG1GC                                  = true                                      {product} {ergonomic}
     bool UseLargePagesIndividualAllocation        = false                                  {pd product} {ergonomic}

Logging:
Log output configuration:
 #0: stdout all=warning uptime,level,tags
 #1: stderr all=off uptime,level,tags

Environment Variables:
JAVA_HOME=C:\Program Files\Java\jdk-11.0.8
PATH=C:\Program Files\Common Files\Oracle\Java\javapath;C:\Program Files (x86)\Common Files\Intel\Shared Libraries\redist\intel64_win\compiler;C:\Program Files (x86)\Common Files\Oracle\Java\javapath;C:\ProgramData\Oracle\Java\javapath;C:\Windows\system32;C:\Windows;C:\Windows\System32\Wbem;C:\Windows\System32\WindowsPowerShell\v1.0\;C:\Program Files (x86)\NVIDIA Corporation\PhysX\Common;C:\TDM-GCC-32\bin;C:\WINDOWS\system32;C:\WINDOWS;C:\WINDOWS\System32\Wbem;C:\WINDOWS\System32\WindowsPowerShell\v1.0\;C:\WINDOWS\System32\OpenSSH\;C:\Program Files\Java\jdk1.8.0_181\bin;C:\Program Files\NVIDIA Corporation\NVIDIA NvDLISR;C:\WINDOWS\system32;C:\WINDOWS;C:\WINDOWS\System32\Wbem;C:\WINDOWS\System32\WindowsPowerShell\v1.0\;C:\WINDOWS\System32\OpenSSH\;C:\Program Files\dotnet\;C:\Program Files (x86)\dotnet\;C:\Users\Emanuel Álvarez\AppData\Local\Programs\Python\Python37-32;D:\2020-03\Lenguajes de programación\Proyecto\Entrega 1\apache-maven-3.6.3\bin;C:\Users\Emanuel Álvarez\AppData\Local\Programs\Python\Python37-32\Scripts\;C:\Users\Emanuel Álvarez\AppData\Local\Programs\Python\Python37-32\;C:\Users\Emanuel Álvarez\AppData\Local\Microsoft\WindowsApps;C:\Users\Emanuel Álvarez\AppData\Local\atom\bin;C:\Users\Emanuel Álvarez\AppData\Local\Programs\Microsoft VS Code\bin;%USERPROFILE%\AppData\Local\Microsoft\WindowsApps;
USERNAME=Emanuel Álvarez
OS=Windows_NT
PROCESSOR_IDENTIFIER=Intel64 Family 6 Model 60 Stepping 3, GenuineIntel



---------------  S Y S T E M  ---------------

OS: Windows 10 , 64 bit Build 18362 (10.0.18362.1110)

CPU:total 8 (initial active 8) (4 cores per cpu, 2 threads per core) family 6 model 60 stepping 3, cmov, cx8, fxsr, mmx, sse, sse2, sse3, ssse3, sse4.1, sse4.2, popcnt, avx, avx2, aes, clmul, erms, lzcnt, ht, tsc, tscinvbit, bmi1, bmi2, fma

Memory: 4k page, system-wide physical 8112M (1114M free)
TotalPageFile size 16401M (AvailPageFile size 111M)
current process WorkingSet (physical memory assigned to process): 9M, peak: 9M
current process commit charge ("private bytes"): 60M, peak: 188M

vm_info: Java HotSpot(TM) 64-Bit Server VM (11.0.8+10-LTS) for windows-amd64 JRE (11.0.8+10-LTS), built on Jun 16 2020 05:53:08 by "mach5one" with unknown MS VC++:1916

END.
